[0.197s] DEBUG:colcon:Command line arguments: ['/usr/bin/colcon', 'build']
[0.197s] DEBUG:colcon:Parsed command line arguments: Namespace(log_base=None, log_level=None, verb_name='build', build_base='build', install_base='install', merge_install=False, symlink_install=False, test_result_base=None, continue_on_error=False, executor='parallel', parallel_workers=12, event_handlers=None, ignore_user_meta=False, metas=['./colcon.meta'], base_paths=['.'], packages_ignore=None, packages_ignore_regex=None, paths=None, packages_up_to=None, packages_up_to_regex=None, packages_above=None, packages_above_and_dependencies=None, packages_above_depth=None, packages_select_by_dep=None, packages_skip_by_dep=None, packages_skip_up_to=None, packages_select_build_failed=False, packages_skip_build_finished=False, packages_select_test_failures=False, packages_skip_test_passed=False, packages_select=None, packages_skip=None, packages_select_regex=None, packages_skip_regex=None, packages_start=None, packages_end=None, allow_overriding=[], cmake_args=None, cmake_target=None, cmake_target_skip_unavailable=False, cmake_clean_cache=False, cmake_clean_first=False, cmake_force_configure=False, ament_cmake_args=None, catkin_cmake_args=None, catkin_skip_building_tests=False, verb_parser=<colcon_defaults.argument_parser.defaults.DefaultArgumentsDecorator object at 0x735de7b80ec0>, verb_extension=<colcon_core.verb.build.BuildVerb object at 0x735de7b80c20>, main=<bound method BuildVerb.main of <colcon_core.verb.build.BuildVerb object at 0x735de7b80c20>>)
[0.246s] Level 1:colcon.colcon_core.package_discovery:discover_packages(colcon_meta) check parameters
[0.246s] Level 1:colcon.colcon_core.package_discovery:discover_packages(recursive) check parameters
[0.246s] Level 1:colcon.colcon_core.package_discovery:discover_packages(ignore) check parameters
[0.246s] Level 1:colcon.colcon_core.package_discovery:discover_packages(path) check parameters
[0.246s] Level 1:colcon.colcon_core.package_discovery:discover_packages(colcon_meta) discover
[0.246s] Level 1:colcon.colcon_core.package_discovery:discover_packages(recursive) discover
[0.246s] INFO:colcon.colcon_core.package_discovery:Crawling recursively for packages in '/home/inteli/Documentos/codigos/2026/M06-Inteli2026/aulas/aula_ros2'
[0.246s] Level 1:colcon.colcon_core.package_identification:_identify(.) by extensions ['ignore', 'ignore_ament_install']
[0.246s] Level 1:colcon.colcon_core.package_identification:_identify(.) by extension 'ignore'
[0.246s] Level 1:colcon.colcon_core.package_identification:_identify(.) by extension 'ignore_ament_install'
[0.246s] Level 1:colcon.colcon_core.package_identification:_identify(.) by extensions ['colcon_pkg']
[0.246s] Level 1:colcon.colcon_core.package_identification:_identify(.) by extension 'colcon_pkg'
[0.247s] Level 1:colcon.colcon_core.package_identification:_identify(.) by extensions ['colcon_meta']
[0.247s] Level 1:colcon.colcon_core.package_identification:_identify(.) by extension 'colcon_meta'
[0.247s] Level 1:colcon.colcon_core.package_identification:_identify(.) by extensions ['ros']
[0.247s] Level 1:colcon.colcon_core.package_identification:_identify(.) by extension 'ros'
[0.277s] Level 1:colcon.colcon_core.package_identification:_identify(.) by extensions ['cmake', 'python']
[0.278s] Level 1:colcon.colcon_core.package_identification:_identify(.) by extension 'cmake'
[0.278s] Level 1:colcon.colcon_core.package_identification:_identify(.) by extension 'python'
[0.278s] Level 1:colcon.colcon_core.package_identification:_identify(.) by extensions ['python_setup_py']
[0.278s] Level 1:colcon.colcon_core.package_identification:_identify(.) by extension 'python_setup_py'
[0.278s] Level 1:colcon.colcon_core.package_identification:_identify(build) by extensions ['ignore', 'ignore_ament_install']
[0.278s] Level 1:colcon.colcon_core.package_identification:_identify(build) by extension 'ignore'
[0.278s] Level 1:colcon.colcon_core.package_identification:_identify(build) ignored
[0.278s] Level 1:colcon.colcon_core.package_identification:_identify(install) by extensions ['ignore', 'ignore_ament_install']
[0.278s] Level 1:colcon.colcon_core.package_identification:_identify(install) by extension 'ignore'
[0.278s] Level 1:colcon.colcon_core.package_identification:_identify(install) ignored
[0.278s] Level 1:colcon.colcon_core.package_identification:_identify(log) by extensions ['ignore', 'ignore_ament_install']
[0.279s] Level 1:colcon.colcon_core.package_identification:_identify(log) by extension 'ignore'
[0.279s] Level 1:colcon.colcon_core.package_identification:_identify(log) ignored
[0.279s] Level 1:colcon.colcon_core.package_identification:_identify(src) by extensions ['ignore', 'ignore_ament_install']
[0.279s] Level 1:colcon.colcon_core.package_identification:_identify(src) by extension 'ignore'
[0.279s] Level 1:colcon.colcon_core.package_identification:_identify(src) by extension 'ignore_ament_install'
[0.279s] Level 1:colcon.colcon_core.package_identification:_identify(src) by extensions ['colcon_pkg']
[0.279s] Level 1:colcon.colcon_core.package_identification:_identify(src) by extension 'colcon_pkg'
[0.279s] Level 1:colcon.colcon_core.package_identification:_identify(src) by extensions ['colcon_meta']
[0.279s] Level 1:colcon.colcon_core.package_identification:_identify(src) by extension 'colcon_meta'
[0.279s] Level 1:colcon.colcon_core.package_identification:_identify(src) by extensions ['ros']
[0.279s] Level 1:colcon.colcon_core.package_identification:_identify(src) by extension 'ros'
[0.279s] Level 1:colcon.colcon_core.package_identification:_identify(src) by extensions ['cmake', 'python']
[0.279s] Level 1:colcon.colcon_core.package_identification:_identify(src) by extension 'cmake'
[0.279s] Level 1:colcon.colcon_core.package_identification:_identify(src) by extension 'python'
[0.279s] Level 1:colcon.colcon_core.package_identification:_identify(src) by extensions ['python_setup_py']
[0.279s] Level 1:colcon.colcon_core.package_identification:_identify(src) by extension 'python_setup_py'
[0.279s] Level 1:colcon.colcon_core.package_identification:_identify(src/turtle_circle) by extensions ['ignore', 'ignore_ament_install']
[0.279s] Level 1:colcon.colcon_core.package_identification:_identify(src/turtle_circle) by extension 'ignore'
[0.280s] Level 1:colcon.colcon_core.package_identification:_identify(src/turtle_circle) by extension 'ignore_ament_install'
[0.280s] Level 1:colcon.colcon_core.package_identification:_identify(src/turtle_circle) by extensions ['colcon_pkg']
[0.280s] Level 1:colcon.colcon_core.package_identification:_identify(src/turtle_circle) by extension 'colcon_pkg'
[0.280s] Level 1:colcon.colcon_core.package_identification:_identify(src/turtle_circle) by extensions ['colcon_meta']
[0.280s] Level 1:colcon.colcon_core.package_identification:_identify(src/turtle_circle) by extension 'colcon_meta'
[0.280s] Level 1:colcon.colcon_core.package_identification:_identify(src/turtle_circle) by extensions ['ros']
[0.280s] Level 1:colcon.colcon_core.package_identification:_identify(src/turtle_circle) by extension 'ros'
[0.284s] DEBUG:colcon.colcon_core.package_identification:Package 'src/turtle_circle' with type 'ros.ament_python' and name 'turtle_circle'
[0.284s] Level 1:colcon.colcon_core.package_discovery:discover_packages(recursive) using defaults
[0.284s] Level 1:colcon.colcon_core.package_discovery:discover_packages(ignore) discover
[0.284s] Level 1:colcon.colcon_core.package_discovery:discover_packages(ignore) using defaults
[0.284s] Level 1:colcon.colcon_core.package_discovery:discover_packages(path) discover
[0.284s] Level 1:colcon.colcon_core.package_discovery:discover_packages(path) using defaults
[0.306s] Level 1:colcon.colcon_core.package_discovery:discover_packages(prefix_path) check parameters
[0.306s] Level 1:colcon.colcon_core.package_discovery:discover_packages(prefix_path) discover
[0.308s] DEBUG:colcon.colcon_installed_package_information.package_discovery:Found 1 installed packages in /home/inteli/Documentos/codigos/2026/M06-Inteli2026/aulas/aula_ros2/install
[0.308s] DEBUG:colcon.colcon_installed_package_information.package_discovery:Found 0 installed packages in /home/inteli/ros2_ws/install
[0.310s] DEBUG:colcon.colcon_installed_package_information.package_discovery:Found 287 installed packages in /opt/ros/jazzy
[0.310s] Level 1:colcon.colcon_core.package_discovery:discover_packages(prefix_path) using defaults
[0.352s] Level 5:colcon.colcon_core.verb:set package 'turtle_circle' build argument 'cmake_args' from command line to 'None'
[0.352s] Level 5:colcon.colcon_core.verb:set package 'turtle_circle' build argument 'cmake_target' from command line to 'None'
[0.352s] Level 5:colcon.colcon_core.verb:set package 'turtle_circle' build argument 'cmake_target_skip_unavailable' from command line to 'False'
[0.352s] Level 5:colcon.colcon_core.verb:set package 'turtle_circle' build argument 'cmake_clean_cache' from command line to 'False'
[0.352s] Level 5:colcon.colcon_core.verb:set package 'turtle_circle' build argument 'cmake_clean_first' from command line to 'False'
[0.352s] Level 5:colcon.colcon_core.verb:set package 'turtle_circle' build argument 'cmake_force_configure' from command line to 'False'
[0.352s] Level 5:colcon.colcon_core.verb:set package 'turtle_circle' build argument 'ament_cmake_args' from command line to 'None'
[0.352s] Level 5:colcon.colcon_core.verb:set package 'turtle_circle' build argument 'catkin_cmake_args' from command line to 'None'
[0.352s] Level 5:colcon.colcon_core.verb:set package 'turtle_circle' build argument 'catkin_skip_building_tests' from command line to 'False'
[0.352s] DEBUG:colcon.colcon_core.verb:Building package 'turtle_circle' with the following arguments: {'ament_cmake_args': None, 'build_base': '/home/inteli/Documentos/codigos/2026/M06-Inteli2026/aulas/aula_ros2/build/turtle_circle', 'catkin_cmake_args': None, 'catkin_skip_building_tests': False, 'cmake_args': None, 'cmake_clean_cache': False, 'cmake_clean_first': False, 'cmake_force_configure': False, 'cmake_target': None, 'cmake_target_skip_unavailable': False, 'install_base': '/home/inteli/Documentos/codigos/2026/M06-Inteli2026/aulas/aula_ros2/install/turtle_circle', 'merge_install': False, 'path': '/home/inteli/Documentos/codigos/2026/M06-Inteli2026/aulas/aula_ros2/src/turtle_circle', 'symlink_install': False, 'test_result_base': None}
[0.352s] INFO:colcon.colcon_core.executor:Executing jobs using 'parallel' executor
[0.353s] DEBUG:colcon.colcon_parallel_executor.executor.parallel:run_until_complete
[0.354s] INFO:colcon.colcon_ros.task.ament_python.build:Building ROS package in '/home/inteli/Documentos/codigos/2026/M06-Inteli2026/aulas/aula_ros2/src/turtle_circle' with build type 'ament_python'
[0.354s] Level 1:colcon.colcon_core.shell:create_environment_hook('turtle_circle', 'ament_prefix_path')
[0.358s] INFO:colcon.colcon_core.plugin_system:Skipping extension 'colcon_core.shell.bat': Not used on non-Windows systems
[0.358s] INFO:colcon.colcon_core.shell:Creating environment hook '/home/inteli/Documentos/codigos/2026/M06-Inteli2026/aulas/aula_ros2/install/turtle_circle/share/turtle_circle/hook/ament_prefix_path.ps1'
[0.360s] INFO:colcon.colcon_core.shell:Creating environment descriptor '/home/inteli/Documentos/codigos/2026/M06-Inteli2026/aulas/aula_ros2/install/turtle_circle/share/turtle_circle/hook/ament_prefix_path.dsv'
[0.361s] INFO:colcon.colcon_core.shell:Creating environment hook '/home/inteli/Documentos/codigos/2026/M06-Inteli2026/aulas/aula_ros2/install/turtle_circle/share/turtle_circle/hook/ament_prefix_path.sh'
[0.362s] INFO:colcon.colcon_core.shell:Skip shell extension 'powershell' for command environment: Not usable outside of PowerShell
[0.362s] DEBUG:colcon.colcon_core.shell:Skip shell extension 'dsv' for command environment
[0.638s] INFO:colcon.colcon_core.task.python.build:Building Python package in '/home/inteli/Documentos/codigos/2026/M06-Inteli2026/aulas/aula_ros2/src/turtle_circle'
[0.639s] INFO:colcon.colcon_core.shell:Skip shell extension 'powershell' for command environment: Not usable outside of PowerShell
[0.639s] DEBUG:colcon.colcon_core.shell:Skip shell extension 'dsv' for command environment
[1.271s] DEBUG:colcon.colcon_core.event_handler.log_command:Invoking command in '/home/inteli/Documentos/codigos/2026/M06-Inteli2026/aulas/aula_ros2/src/turtle_circle': DEBUGINFOD_URLS=https://debuginfod.ubuntu.com PYTHONPATH=/home/inteli/Documentos/codigos/2026/M06-Inteli2026/aulas/aula_ros2/build/turtle_circle/prefix_override:/usr/lib/python3/dist-packages/colcon_core/task/python/colcon_distutils_commands:/home/inteli/Documentos/codigos/2026/M06-Inteli2026/aulas/aula_ros2/install/turtle_circle/lib/python3.12/site-packages:${PYTHONPATH} /usr/bin/python3 -W ignore:setup.py install is deprecated -W ignore:easy_install command is deprecated setup.py egg_info --egg-base ../../build/turtle_circle build --build-base /home/inteli/Documentos/codigos/2026/M06-Inteli2026/aulas/aula_ros2/build/turtle_circle/build install --record /home/inteli/Documentos/codigos/2026/M06-Inteli2026/aulas/aula_ros2/build/turtle_circle/install.log --single-version-externally-managed install_data
[1.831s] DEBUG:colcon.colcon_core.event_handler.log_command:Invoked command in '/home/inteli/Documentos/codigos/2026/M06-Inteli2026/aulas/aula_ros2/src/turtle_circle' returned '0': DEBUGINFOD_URLS=https://debuginfod.ubuntu.com PYTHONPATH=/home/inteli/Documentos/codigos/2026/M06-Inteli2026/aulas/aula_ros2/build/turtle_circle/prefix_override:/usr/lib/python3/dist-packages/colcon_core/task/python/colcon_distutils_commands:/home/inteli/Documentos/codigos/2026/M06-Inteli2026/aulas/aula_ros2/install/turtle_circle/lib/python3.12/site-packages:${PYTHONPATH} /usr/bin/python3 -W ignore:setup.py install is deprecated -W ignore:easy_install command is deprecated setup.py egg_info --egg-base ../../build/turtle_circle build --build-base /home/inteli/Documentos/codigos/2026/M06-Inteli2026/aulas/aula_ros2/build/turtle_circle/build install --record /home/inteli/Documentos/codigos/2026/M06-Inteli2026/aulas/aula_ros2/build/turtle_circle/install.log --single-version-externally-managed install_data
[1.836s] Level 1:colcon.colcon_core.environment:checking '/home/inteli/Documentos/codigos/2026/M06-Inteli2026/aulas/aula_ros2/install/turtle_circle' for CMake module files
[1.837s] Level 1:colcon.colcon_core.environment:checking '/home/inteli/Documentos/codigos/2026/M06-Inteli2026/aulas/aula_ros2/install/turtle_circle' for CMake config files
[1.838s] Level 1:colcon.colcon_core.environment:checking '/home/inteli/Documentos/codigos/2026/M06-Inteli2026/aulas/aula_ros2/install/turtle_circle/lib'
[1.839s] Level 1:colcon.colcon_core.environment:checking '/home/inteli/Documentos/codigos/2026/M06-Inteli2026/aulas/aula_ros2/install/turtle_circle/bin'
[1.839s] Level 1:colcon.colcon_core.environment:checking '/home/inteli/Documentos/codigos/2026/M06-Inteli2026/aulas/aula_ros2/install/turtle_circle/lib/pkgconfig/turtle_circle.pc'
[1.839s] Level 1:colcon.colcon_core.environment:checking '/home/inteli/Documentos/codigos/2026/M06-Inteli2026/aulas/aula_ros2/install/turtle_circle/lib/python3.12/site-packages'
[1.840s] Level 1:colcon.colcon_core.shell:create_environment_hook('turtle_circle', 'pythonpath')
[1.840s] INFO:colcon.colcon_core.shell:Creating environment hook '/home/inteli/Documentos/codigos/2026/M06-Inteli2026/aulas/aula_ros2/install/turtle_circle/share/turtle_circle/hook/pythonpath.ps1'
[1.841s] INFO:colcon.colcon_core.shell:Creating environment descriptor '/home/inteli/Documentos/codigos/2026/M06-Inteli2026/aulas/aula_ros2/install/turtle_circle/share/turtle_circle/hook/pythonpath.dsv'
[1.842s] INFO:colcon.colcon_core.shell:Creating environment hook '/home/inteli/Documentos/codigos/2026/M06-Inteli2026/aulas/aula_ros2/install/turtle_circle/share/turtle_circle/hook/pythonpath.sh'
[1.843s] Level 1:colcon.colcon_core.environment:checking '/home/inteli/Documentos/codigos/2026/M06-Inteli2026/aulas/aula_ros2/install/turtle_circle/bin'
[1.843s] Level 1:colcon.colcon_core.environment:create_environment_scripts_only(turtle_circle)
[1.844s] INFO:colcon.colcon_core.shell:Creating package script '/home/inteli/Documentos/codigos/2026/M06-Inteli2026/aulas/aula_ros2/install/turtle_circle/share/turtle_circle/package.ps1'
[1.846s] INFO:colcon.colcon_core.shell:Creating package descriptor '/home/inteli/Documentos/codigos/2026/M06-Inteli2026/aulas/aula_ros2/install/turtle_circle/share/turtle_circle/package.dsv'
[1.847s] INFO:colcon.colcon_core.shell:Creating package script '/home/inteli/Documentos/codigos/2026/M06-Inteli2026/aulas/aula_ros2/install/turtle_circle/share/turtle_circle/package.sh'
[1.849s] INFO:colcon.colcon_core.shell:Creating package script '/home/inteli/Documentos/codigos/2026/M06-Inteli2026/aulas/aula_ros2/install/turtle_circle/share/turtle_circle/package.bash'
[1.850s] INFO:colcon.colcon_core.shell:Creating package script '/home/inteli/Documentos/codigos/2026/M06-Inteli2026/aulas/aula_ros2/install/turtle_circle/share/turtle_circle/package.zsh'
[1.851s] Level 1:colcon.colcon_core.environment:create_file_with_runtime_dependencies(/home/inteli/Documentos/codigos/2026/M06-Inteli2026/aulas/aula_ros2/install/turtle_circle/share/colcon-core/packages/turtle_circle)
[1.852s] DEBUG:colcon.colcon_parallel_executor.executor.parallel:closing loop
[1.852s] DEBUG:colcon.colcon_parallel_executor.executor.parallel:loop closed
[1.853s] DEBUG:colcon.colcon_parallel_executor.executor.parallel:run_until_complete finished with '0'
[1.853s] DEBUG:colcon.colcon_core.event_reactor:joining thread
[1.862s] INFO:colcon.colcon_core.plugin_system:Skipping extension 'colcon_notification.desktop_notification.terminal_notifier': Not used on non-Darwin systems
[1.862s] INFO:colcon.colcon_core.plugin_system:Skipping extension 'colcon_notification.desktop_notification.win32': Not used on non-Windows systems
[1.863s] INFO:colcon.colcon_notification.desktop_notification:Sending desktop notification using 'notify2'
[1.888s] DEBUG:colcon.colcon_core.event_reactor:joined thread
[1.889s] INFO:colcon.colcon_core.shell:Creating prefix script '/home/inteli/Documentos/codigos/2026/M06-Inteli2026/aulas/aula_ros2/install/local_setup.ps1'
[1.890s] INFO:colcon.colcon_core.shell:Creating prefix util module '/home/inteli/Documentos/codigos/2026/M06-Inteli2026/aulas/aula_ros2/install/_local_setup_util_ps1.py'
[1.891s] INFO:colcon.colcon_core.shell:Creating prefix chain script '/home/inteli/Documentos/codigos/2026/M06-Inteli2026/aulas/aula_ros2/install/setup.ps1'
[1.892s] INFO:colcon.colcon_core.shell:Creating prefix script '/home/inteli/Documentos/codigos/2026/M06-Inteli2026/aulas/aula_ros2/install/local_setup.sh'
[1.893s] INFO:colcon.colcon_core.shell:Creating prefix util module '/home/inteli/Documentos/codigos/2026/M06-Inteli2026/aulas/aula_ros2/install/_local_setup_util_sh.py'
[1.894s] INFO:colcon.colcon_core.shell:Creating prefix chain script '/home/inteli/Documentos/codigos/2026/M06-Inteli2026/aulas/aula_ros2/install/setup.sh'
[1.896s] INFO:colcon.colcon_core.shell:Creating prefix script '/home/inteli/Documentos/codigos/2026/M06-Inteli2026/aulas/aula_ros2/install/local_setup.bash'
[1.896s] INFO:colcon.colcon_core.shell:Creating prefix chain script '/home/inteli/Documentos/codigos/2026/M06-Inteli2026/aulas/aula_ros2/install/setup.bash'
[1.897s] INFO:colcon.colcon_core.shell:Creating prefix script '/home/inteli/Documentos/codigos/2026/M06-Inteli2026/aulas/aula_ros2/install/local_setup.zsh'
[1.898s] INFO:colcon.colcon_core.shell:Creating prefix chain script '/home/inteli/Documentos/codigos/2026/M06-Inteli2026/aulas/aula_ros2/install/setup.zsh'
