running egg_info
writing ../../build/turtle_circle/turtle_circle.egg-info/PKG-INFO
writing dependency_links to ../../build/turtle_circle/turtle_circle.egg-info/dependency_links.txt
writing entry points to ../../build/turtle_circle/turtle_circle.egg-info/entry_points.txt
writing requirements to ../../build/turtle_circle/turtle_circle.egg-info/requires.txt
writing top-level names to ../../build/turtle_circle/turtle_circle.egg-info/top_level.txt
reading manifest file '../../build/turtle_circle/turtle_circle.egg-info/SOURCES.txt'
adding license file 'LICENSE'
writing manifest file '../../build/turtle_circle/turtle_circle.egg-info/SOURCES.txt'
running build
running build_py
copying turtle_circle/turtle_circle.py -> /home/inteli/Documentos/codigos/2026/M06-Inteli2026/aulas/aula_ros2/build/turtle_circle/build/lib/turtle_circle
running install
running install_lib
copying /home/inteli/Documentos/codigos/2026/M06-Inteli2026/aulas/aula_ros2/build/turtle_circle/build/lib/turtle_circle/turtle_circle.py -> /home/inteli/Documentos/codigos/2026/M06-Inteli2026/aulas/aula_ros2/install/turtle_circle/lib/python3.12/site-packages/turtle_circle
byte-compiling /home/inteli/Documentos/codigos/2026/M06-Inteli2026/aulas/aula_ros2/install/turtle_circle/lib/python3.12/site-packages/turtle_circle/turtle_circle.py to turtle_circle.cpython-312.pyc
running install_data
running install_egg_info
removing '/home/inteli/Documentos/codigos/2026/M06-Inteli2026/aulas/aula_ros2/install/turtle_circle/lib/python3.12/site-packages/turtle_circle-0.0.0-py3.12.egg-info' (and everything under it)
Copying ../../build/turtle_circle/turtle_circle.egg-info to /home/inteli/Documentos/codigos/2026/M06-Inteli2026/aulas/aula_ros2/install/turtle_circle/lib/python3.12/site-packages/turtle_circle-0.0.0-py3.12.egg-info
running install_scripts
Installing circle_node script to /home/inteli/Documentos/codigos/2026/M06-Inteli2026/aulas/aula_ros2/install/turtle_circle/lib/turtle_circle
writing list of installed files to '/home/inteli/Documentos/codigos/2026/M06-Inteli2026/aulas/aula_ros2/build/turtle_circle/install.log'
