running egg_info
creating ../../build/turtle_circle/turtle_circle.egg-info
writing ../../build/turtle_circle/turtle_circle.egg-info/PKG-INFO
writing dependency_links to ../../build/turtle_circle/turtle_circle.egg-info/dependency_links.txt
writing entry points to ../../build/turtle_circle/turtle_circle.egg-info/entry_points.txt
writing requirements to ../../build/turtle_circle/turtle_circle.egg-info/requires.txt
writing top-level names to ../../build/turtle_circle/turtle_circle.egg-info/top_level.txt
writing manifest file '../../build/turtle_circle/turtle_circle.egg-info/SOURCES.txt'
reading manifest file '../../build/turtle_circle/turtle_circle.egg-info/SOURCES.txt'
adding license file 'LICENSE'
writing manifest file '../../build/turtle_circle/turtle_circle.egg-info/SOURCES.txt'
running build
running build_py
creating /home/inteli/Documentos/codigos/2026/M06-Inteli2026/aulas/aula2_ros2/build/turtle_circle/build
creating /home/inteli/Documentos/codigos/2026/M06-Inteli2026/aulas/aula2_ros2/build/turtle_circle/build/lib
creating /home/inteli/Documentos/codigos/2026/M06-Inteli2026/aulas/aula2_ros2/build/turtle_circle/build/lib/turtle_circle
copying turtle_circle/__init__.py -> /home/inteli/Documentos/codigos/2026/M06-Inteli2026/aulas/aula2_ros2/build/turtle_circle/build/lib/turtle_circle
copying turtle_circle/turtle_circle.py -> /home/inteli/Documentos/codigos/2026/M06-Inteli2026/aulas/aula2_ros2/build/turtle_circle/build/lib/turtle_circle
running install
running install_lib
creating /home/inteli/Documentos/codigos/2026/M06-Inteli2026/aulas/aula2_ros2/install/turtle_circle/lib/python3.12/site-packages/turtle_circle
copying /home/inteli/Documentos/codigos/2026/M06-Inteli2026/aulas/aula2_ros2/build/turtle_circle/build/lib/turtle_circle/__init__.py -> /home/inteli/Documentos/codigos/2026/M06-Inteli2026/aulas/aula2_ros2/install/turtle_circle/lib/python3.12/site-packages/turtle_circle
copying /home/inteli/Documentos/codigos/2026/M06-Inteli2026/aulas/aula2_ros2/build/turtle_circle/build/lib/turtle_circle/turtle_circle.py -> /home/inteli/Documentos/codigos/2026/M06-Inteli2026/aulas/aula2_ros2/install/turtle_circle/lib/python3.12/site-packages/turtle_circle
byte-compiling /home/inteli/Documentos/codigos/2026/M06-Inteli2026/aulas/aula2_ros2/install/turtle_circle/lib/python3.12/site-packages/turtle_circle/__init__.py to __init__.cpython-312.pyc
byte-compiling /home/inteli/Documentos/codigos/2026/M06-Inteli2026/aulas/aula2_ros2/install/turtle_circle/lib/python3.12/site-packages/turtle_circle/turtle_circle.py to turtle_circle.cpython-312.pyc
running install_data
creating /home/inteli/Documentos/codigos/2026/M06-Inteli2026/aulas/aula2_ros2/install/turtle_circle/share/ament_index
creating /home/inteli/Documentos/codigos/2026/M06-Inteli2026/aulas/aula2_ros2/install/turtle_circle/share/ament_index/resource_index
creating /home/inteli/Documentos/codigos/2026/M06-Inteli2026/aulas/aula2_ros2/install/turtle_circle/share/ament_index/resource_index/packages
copying resource/turtle_circle -> /home/inteli/Documentos/codigos/2026/M06-Inteli2026/aulas/aula2_ros2/install/turtle_circle/share/ament_index/resource_index/packages
copying package.xml -> /home/inteli/Documentos/codigos/2026/M06-Inteli2026/aulas/aula2_ros2/install/turtle_circle/share/turtle_circle
running install_egg_info
Copying ../../build/turtle_circle/turtle_circle.egg-info to /home/inteli/Documentos/codigos/2026/M06-Inteli2026/aulas/aula2_ros2/install/turtle_circle/lib/python3.12/site-packages/turtle_circle-0.0.0-py3.12.egg-info
running install_scripts
Installing circle_node script to /home/inteli/Documentos/codigos/2026/M06-Inteli2026/aulas/aula2_ros2/install/turtle_circle/lib/turtle_circle
writing list of installed files to '/home/inteli/Documentos/codigos/2026/M06-Inteli2026/aulas/aula2_ros2/build/turtle_circle/install.log'
