[0.530s] Invoking command in '/home/inteli/Documentos/codigos/2026/M06-Inteli2026/aulas/aula2_ros2/src/turtle_circle': DEBUGINFOD_URLS=https://debuginfod.ubuntu.com PYTHONPATH=/home/inteli/Documentos/codigos/2026/M06-Inteli2026/aulas/aula2_ros2/build/turtle_circle/prefix_override:/usr/lib/python3/dist-packages/colcon_core/task/python/colcon_distutils_commands:/home/inteli/Documentos/codigos/2026/M06-Inteli2026/aulas/aula2_ros2/install/turtle_circle/lib/python3.12/site-packages:${PYTHONPATH} /usr/bin/python3 -W ignore:setup.py install is deprecated -W ignore:easy_install command is deprecated setup.py egg_info --egg-base ../../build/turtle_circle build --build-base /home/inteli/Documentos/codigos/2026/M06-Inteli2026/aulas/aula2_ros2/build/turtle_circle/build install --record /home/inteli/Documentos/codigos/2026/M06-Inteli2026/aulas/aula2_ros2/build/turtle_circle/install.log --single-version-externally-managed install_data
[0.674s] running egg_info
[0.674s] creating ../../build/turtle_circle/turtle_circle.egg-info
[0.683s] writing ../../build/turtle_circle/turtle_circle.egg-info/PKG-INFO
[0.683s] writing dependency_links to ../../build/turtle_circle/turtle_circle.egg-info/dependency_links.txt
[0.683s] writing entry points to ../../build/turtle_circle/turtle_circle.egg-info/entry_points.txt
[0.683s] writing requirements to ../../build/turtle_circle/turtle_circle.egg-info/requires.txt
[0.684s] writing top-level names to ../../build/turtle_circle/turtle_circle.egg-info/top_level.txt
[0.684s] writing manifest file '../../build/turtle_circle/turtle_circle.egg-info/SOURCES.txt'
[0.701s] reading manifest file '../../build/turtle_circle/turtle_circle.egg-info/SOURCES.txt'
[0.701s] adding license file 'LICENSE'
[0.702s] writing manifest file '../../build/turtle_circle/turtle_circle.egg-info/SOURCES.txt'
[0.702s] running build
[0.702s] running build_py
[0.702s] creating /home/inteli/Documentos/codigos/2026/M06-Inteli2026/aulas/aula2_ros2/build/turtle_circle/build
[0.702s] creating /home/inteli/Documentos/codigos/2026/M06-Inteli2026/aulas/aula2_ros2/build/turtle_circle/build/lib
[0.702s] creating /home/inteli/Documentos/codigos/2026/M06-Inteli2026/aulas/aula2_ros2/build/turtle_circle/build/lib/turtle_circle
[0.702s] copying turtle_circle/__init__.py -> /home/inteli/Documentos/codigos/2026/M06-Inteli2026/aulas/aula2_ros2/build/turtle_circle/build/lib/turtle_circle
[0.703s] copying turtle_circle/turtle_circle.py -> /home/inteli/Documentos/codigos/2026/M06-Inteli2026/aulas/aula2_ros2/build/turtle_circle/build/lib/turtle_circle
[0.703s] running install
[0.706s] running install_lib
[0.716s] creating /home/inteli/Documentos/codigos/2026/M06-Inteli2026/aulas/aula2_ros2/install/turtle_circle/lib/python3.12/site-packages/turtle_circle
[0.716s] copying /home/inteli/Documentos/codigos/2026/M06-Inteli2026/aulas/aula2_ros2/build/turtle_circle/build/lib/turtle_circle/__init__.py -> /home/inteli/Documentos/codigos/2026/M06-Inteli2026/aulas/aula2_ros2/install/turtle_circle/lib/python3.12/site-packages/turtle_circle
[0.716s] copying /home/inteli/Documentos/codigos/2026/M06-Inteli2026/aulas/aula2_ros2/build/turtle_circle/build/lib/turtle_circle/turtle_circle.py -> /home/inteli/Documentos/codigos/2026/M06-Inteli2026/aulas/aula2_ros2/install/turtle_circle/lib/python3.12/site-packages/turtle_circle
[0.717s] byte-compiling /home/inteli/Documentos/codigos/2026/M06-Inteli2026/aulas/aula2_ros2/install/turtle_circle/lib/python3.12/site-packages/turtle_circle/__init__.py to __init__.cpython-312.pyc
[0.717s] byte-compiling /home/inteli/Documentos/codigos/2026/M06-Inteli2026/aulas/aula2_ros2/install/turtle_circle/lib/python3.12/site-packages/turtle_circle/turtle_circle.py to turtle_circle.cpython-312.pyc
[0.717s] running install_data
[0.717s] creating /home/inteli/Documentos/codigos/2026/M06-Inteli2026/aulas/aula2_ros2/install/turtle_circle/share/ament_index
[0.717s] creating /home/inteli/Documentos/codigos/2026/M06-Inteli2026/aulas/aula2_ros2/install/turtle_circle/share/ament_index/resource_index
[0.718s] creating /home/inteli/Documentos/codigos/2026/M06-Inteli2026/aulas/aula2_ros2/install/turtle_circle/share/ament_index/resource_index/packages
[0.718s] copying resource/turtle_circle -> /home/inteli/Documentos/codigos/2026/M06-Inteli2026/aulas/aula2_ros2/install/turtle_circle/share/ament_index/resource_index/packages
[0.718s] copying package.xml -> /home/inteli/Documentos/codigos/2026/M06-Inteli2026/aulas/aula2_ros2/install/turtle_circle/share/turtle_circle
[0.718s] running install_egg_info
[0.728s] Copying ../../build/turtle_circle/turtle_circle.egg-info to /home/inteli/Documentos/codigos/2026/M06-Inteli2026/aulas/aula2_ros2/install/turtle_circle/lib/python3.12/site-packages/turtle_circle-0.0.0-py3.12.egg-info
[0.728s] running install_scripts
[0.794s] Installing circle_node script to /home/inteli/Documentos/codigos/2026/M06-Inteli2026/aulas/aula2_ros2/install/turtle_circle/lib/turtle_circle
[0.794s] writing list of installed files to '/home/inteli/Documentos/codigos/2026/M06-Inteli2026/aulas/aula2_ros2/build/turtle_circle/install.log'
[0.816s] Invoked command in '/home/inteli/Documentos/codigos/2026/M06-Inteli2026/aulas/aula2_ros2/src/turtle_circle' returned '0': DEBUGINFOD_URLS=https://debuginfod.ubuntu.com PYTHONPATH=/home/inteli/Documentos/codigos/2026/M06-Inteli2026/aulas/aula2_ros2/build/turtle_circle/prefix_override:/usr/lib/python3/dist-packages/colcon_core/task/python/colcon_distutils_commands:/home/inteli/Documentos/codigos/2026/M06-Inteli2026/aulas/aula2_ros2/install/turtle_circle/lib/python3.12/site-packages:${PYTHONPATH} /usr/bin/python3 -W ignore:setup.py install is deprecated -W ignore:easy_install command is deprecated setup.py egg_info --egg-base ../../build/turtle_circle build --build-base /home/inteli/Documentos/codigos/2026/M06-Inteli2026/aulas/aula2_ros2/build/turtle_circle/build install --record /home/inteli/Documentos/codigos/2026/M06-Inteli2026/aulas/aula2_ros2/build/turtle_circle/install.log --single-version-externally-managed install_data
