[0.957s] Invoking command in '/home/inteli/Documentos/codigos/2026/M06-Inteli2026/aulas/aula_ros2/src/turtle_circle': DEBUGINFOD_URLS=https://debuginfod.ubuntu.com PYTHONPATH=/home/inteli/Documentos/codigos/2026/M06-Inteli2026/aulas/aula_ros2/build/turtle_circle/prefix_override:/usr/lib/python3/dist-packages/colcon_core/task/python/colcon_distutils_commands:/home/inteli/Documentos/codigos/2026/M06-Inteli2026/aulas/aula_ros2/install/turtle_circle/lib/python3.12/site-packages:${PYTHONPATH} /usr/bin/python3 -W ignore:setup.py install is deprecated -W ignore:easy_install command is deprecated setup.py egg_info --egg-base ../../build/turtle_circle build --build-base /home/inteli/Documentos/codigos/2026/M06-Inteli2026/aulas/aula_ros2/build/turtle_circle/build install --record /home/inteli/Documentos/codigos/2026/M06-Inteli2026/aulas/aula_ros2/build/turtle_circle/install.log --single-version-externally-managed install_data
[1.266s] running egg_info
[1.283s] writing ../../build/turtle_circle/turtle_circle.egg-info/PKG-INFO
[1.283s] writing dependency_links to ../../build/turtle_circle/turtle_circle.egg-info/dependency_links.txt
[1.283s] writing entry points to ../../build/turtle_circle/turtle_circle.egg-info/entry_points.txt
[1.283s] writing requirements to ../../build/turtle_circle/turtle_circle.egg-info/requires.txt
[1.284s] writing top-level names to ../../build/turtle_circle/turtle_circle.egg-info/top_level.txt
[1.318s] reading manifest file '../../build/turtle_circle/turtle_circle.egg-info/SOURCES.txt'
[1.318s] adding license file 'LICENSE'
[1.319s] writing manifest file '../../build/turtle_circle/turtle_circle.egg-info/SOURCES.txt'
[1.319s] running build
[1.320s] running build_py
[1.320s] copying turtle_circle/turtle_circle.py -> /home/inteli/Documentos/codigos/2026/M06-Inteli2026/aulas/aula_ros2/build/turtle_circle/build/lib/turtle_circle
[1.320s] running install
[1.328s] running install_lib
[1.346s] copying /home/inteli/Documentos/codigos/2026/M06-Inteli2026/aulas/aula_ros2/build/turtle_circle/build/lib/turtle_circle/turtle_circle.py -> /home/inteli/Documentos/codigos/2026/M06-Inteli2026/aulas/aula_ros2/install/turtle_circle/lib/python3.12/site-packages/turtle_circle
[1.347s] byte-compiling /home/inteli/Documentos/codigos/2026/M06-Inteli2026/aulas/aula_ros2/install/turtle_circle/lib/python3.12/site-packages/turtle_circle/turtle_circle.py to turtle_circle.cpython-312.pyc
[1.348s] running install_data
[1.348s] running install_egg_info
[1.368s] removing '/home/inteli/Documentos/codigos/2026/M06-Inteli2026/aulas/aula_ros2/install/turtle_circle/lib/python3.12/site-packages/turtle_circle-0.0.0-py3.12.egg-info' (and everything under it)
[1.368s] Copying ../../build/turtle_circle/turtle_circle.egg-info to /home/inteli/Documentos/codigos/2026/M06-Inteli2026/aulas/aula_ros2/install/turtle_circle/lib/python3.12/site-packages/turtle_circle-0.0.0-py3.12.egg-info
[1.369s] running install_scripts
[1.499s] Installing circle_node script to /home/inteli/Documentos/codigos/2026/M06-Inteli2026/aulas/aula_ros2/install/turtle_circle/lib/turtle_circle
[1.499s] writing list of installed files to '/home/inteli/Documentos/codigos/2026/M06-Inteli2026/aulas/aula_ros2/build/turtle_circle/install.log'
[1.540s] Invoked command in '/home/inteli/Documentos/codigos/2026/M06-Inteli2026/aulas/aula_ros2/src/turtle_circle' returned '0': DEBUGINFOD_URLS=https://debuginfod.ubuntu.com PYTHONPATH=/home/inteli/Documentos/codigos/2026/M06-Inteli2026/aulas/aula_ros2/build/turtle_circle/prefix_override:/usr/lib/python3/dist-packages/colcon_core/task/python/colcon_distutils_commands:/home/inteli/Documentos/codigos/2026/M06-Inteli2026/aulas/aula_ros2/install/turtle_circle/lib/python3.12/site-packages:${PYTHONPATH} /usr/bin/python3 -W ignore:setup.py install is deprecated -W ignore:easy_install command is deprecated setup.py egg_info --egg-base ../../build/turtle_circle build --build-base /home/inteli/Documentos/codigos/2026/M06-Inteli2026/aulas/aula_ros2/build/turtle_circle/build install --record /home/inteli/Documentos/codigos/2026/M06-Inteli2026/aulas/aula_ros2/build/turtle_circle/install.log --single-version-externally-managed install_data
