[0.435s] Invoking command in '/home/inteli/Documentos/codigos/2026/M06-Inteli2026/aulas/aula2_ros2/src/turtle_circle': DEBUGINFOD_URLS=https://debuginfod.ubuntu.com PYTHONPATH=/home/inteli/Documentos/codigos/2026/M06-Inteli2026/aulas/aula2_ros2/build/turtle_circle/prefix_override:/usr/lib/python3/dist-packages/colcon_core/task/python/colcon_distutils_commands:/home/inteli/Documentos/codigos/2026/M06-Inteli2026/aulas/aula2_ros2/install/turtle_circle/lib/python3.12/site-packages:${PYTHONPATH} /usr/bin/python3 -W ignore:setup.py install is deprecated -W ignore:easy_install command is deprecated setup.py egg_info --egg-base ../../build/turtle_circle build --build-base /home/inteli/Documentos/codigos/2026/M06-Inteli2026/aulas/aula2_ros2/build/turtle_circle/build install --record /home/inteli/Documentos/codigos/2026/M06-Inteli2026/aulas/aula2_ros2/build/turtle_circle/install.log --single-version-externally-managed install_data
[0.581s] running egg_info
[0.590s] writing ../../build/turtle_circle/turtle_circle.egg-info/PKG-INFO
[0.591s] writing dependency_links to ../../build/turtle_circle/turtle_circle.egg-info/dependency_links.txt
[0.591s] writing entry points to ../../build/turtle_circle/turtle_circle.egg-info/entry_points.txt
[0.591s] writing requirements to ../../build/turtle_circle/turtle_circle.egg-info/requires.txt
[0.591s] writing top-level names to ../../build/turtle_circle/turtle_circle.egg-info/top_level.txt
[0.611s] reading manifest file '../../build/turtle_circle/turtle_circle.egg-info/SOURCES.txt'
[0.611s] adding license file 'LICENSE'
[0.611s] writing manifest file '../../build/turtle_circle/turtle_circle.egg-info/SOURCES.txt'
[0.611s] running build
[0.611s] running build_py
[0.612s] running install
[0.616s] running install_lib
[0.626s] running install_data
[0.627s] running install_egg_info
[0.637s] removing '/home/inteli/Documentos/codigos/2026/M06-Inteli2026/aulas/aula2_ros2/install/turtle_circle/lib/python3.12/site-packages/turtle_circle-0.0.0-py3.12.egg-info' (and everything under it)
[0.638s] Copying ../../build/turtle_circle/turtle_circle.egg-info to /home/inteli/Documentos/codigos/2026/M06-Inteli2026/aulas/aula2_ros2/install/turtle_circle/lib/python3.12/site-packages/turtle_circle-0.0.0-py3.12.egg-info
[0.640s] running install_scripts
[0.708s] Installing circle_node script to /home/inteli/Documentos/codigos/2026/M06-Inteli2026/aulas/aula2_ros2/install/turtle_circle/lib/turtle_circle
[0.708s] writing list of installed files to '/home/inteli/Documentos/codigos/2026/M06-Inteli2026/aulas/aula2_ros2/build/turtle_circle/install.log'
[0.741s] Invoked command in '/home/inteli/Documentos/codigos/2026/M06-Inteli2026/aulas/aula2_ros2/src/turtle_circle' returned '0': DEBUGINFOD_URLS=https://debuginfod.ubuntu.com PYTHONPATH=/home/inteli/Documentos/codigos/2026/M06-Inteli2026/aulas/aula2_ros2/build/turtle_circle/prefix_override:/usr/lib/python3/dist-packages/colcon_core/task/python/colcon_distutils_commands:/home/inteli/Documentos/codigos/2026/M06-Inteli2026/aulas/aula2_ros2/install/turtle_circle/lib/python3.12/site-packages:${PYTHONPATH} /usr/bin/python3 -W ignore:setup.py install is deprecated -W ignore:easy_install command is deprecated setup.py egg_info --egg-base ../../build/turtle_circle build --build-base /home/inteli/Documentos/codigos/2026/M06-Inteli2026/aulas/aula2_ros2/build/turtle_circle/build install --record /home/inteli/Documentos/codigos/2026/M06-Inteli2026/aulas/aula2_ros2/build/turtle_circle/install.log --single-version-externally-managed install_data
